[INFO]-[2019/08/22 03:40:56] Cloning: cco's clone job's data is not in database, generating data
[INFO]-[2019/08/22 03:40:56] Cloning: cco's clone job's data is not in database, generating data
[INFO]-[2019/08/22 03:40:56] DB Copy: Creating table wpstg0_commentmeta
[INFO]-[2019/08/22 03:40:56] DB Copy: wp_commentmeta as wpstg0_commentmeta from 0 to 10000 records
[INFO]-[2019/08/22 03:40:56] DB Copy: Creating table wpstg0_commentmeta
[INFO]-[2019/08/22 03:40:56] DB Copy: wp_commentmeta as wpstg0_commentmeta from 0 to 10000 records
[INFO]-[2019/08/22 03:40:57] DB Copy: Creating table wpstg0_comments
[INFO]-[2019/08/22 03:40:57] DB Copy: wp_comments as wpstg0_comments from 0 to 10000 records
[INFO]-[2019/08/22 03:40:57] DB Copy: Creating table wpstg0_comments
[INFO]-[2019/08/22 03:40:57] DB Copy: wp_comments as wpstg0_comments from 0 to 10000 records
[INFO]-[2019/08/22 03:40:57] DB Copy: Creating table wpstg0_duplicator_packages
[INFO]-[2019/08/22 03:40:57] DB Copy: wp_duplicator_packages as wpstg0_duplicator_packages from 0 to 10000 records
[INFO]-[2019/08/22 03:40:57] DB Copy: Creating table wpstg0_duplicator_packages
[INFO]-[2019/08/22 03:40:57] DB Copy: wp_duplicator_packages as wpstg0_duplicator_packages from 0 to 10000 records
[INFO]-[2019/08/22 03:40:57] DB Copy: Creating table wpstg0_links
[INFO]-[2019/08/22 03:40:57] DB Copy: Creating table wpstg0_links
[INFO]-[2019/08/22 03:40:58] DB Copy: Creating table wpstg0_maxbuttons_collections
[INFO]-[2019/08/22 03:40:58] DB Copy: Creating table wpstg0_maxbuttons_collections
[INFO]-[2019/08/22 03:40:58] DB Copy: Creating table wpstg0_maxbuttons_collections_trans
[INFO]-[2019/08/22 03:40:58] DB Copy: Creating table wpstg0_maxbuttons_collections_trans
[INFO]-[2019/08/22 03:40:58] DB Copy: Creating table wpstg0_maxbuttonsv3
[INFO]-[2019/08/22 03:40:58] DB Copy: wp_maxbuttonsv3 as wpstg0_maxbuttonsv3 from 0 to 10000 records
[INFO]-[2019/08/22 03:40:58] DB Copy: Creating table wpstg0_maxbuttonsv3
[INFO]-[2019/08/22 03:40:58] DB Copy: wp_maxbuttonsv3 as wpstg0_maxbuttonsv3 from 0 to 10000 records
[INFO]-[2019/08/22 03:40:58] DB Copy: Creating table wpstg0_options
[INFO]-[2019/08/22 03:40:58] DB Copy: wp_options as wpstg0_options from 0 to 10000 records
[INFO]-[2019/08/22 03:40:58] DB Copy: Creating table wpstg0_options
[INFO]-[2019/08/22 03:40:58] DB Copy: wp_options as wpstg0_options from 0 to 10000 records
[INFO]-[2019/08/22 03:40:59] DB Copy: Creating table wpstg0_postmeta
[INFO]-[2019/08/22 03:40:59] DB Copy: wp_postmeta as wpstg0_postmeta from 0 to 10000 records
[INFO]-[2019/08/22 03:40:59] DB Copy: Creating table wpstg0_postmeta
[INFO]-[2019/08/22 03:40:59] DB Copy: wp_postmeta as wpstg0_postmeta from 0 to 10000 records
[INFO]-[2019/08/22 03:40:59] DB Copy: Creating table wpstg0_posts
[INFO]-[2019/08/22 03:40:59] DB Copy: wp_posts as wpstg0_posts from 0 to 10000 records
[INFO]-[2019/08/22 03:40:59] DB Copy: Creating table wpstg0_posts
[INFO]-[2019/08/22 03:40:59] DB Copy: wp_posts as wpstg0_posts from 0 to 10000 records
[INFO]-[2019/08/22 03:40:59] DB Copy: Creating table wpstg0_term_relationships
[INFO]-[2019/08/22 03:40:59] DB Copy: wp_term_relationships as wpstg0_term_relationships from 0 to 10000 records
[INFO]-[2019/08/22 03:40:59] DB Copy: Creating table wpstg0_term_relationships
[INFO]-[2019/08/22 03:40:59] DB Copy: wp_term_relationships as wpstg0_term_relationships from 0 to 10000 records
[INFO]-[2019/08/22 03:41:00] DB Copy: Creating table wpstg0_term_taxonomy
[INFO]-[2019/08/22 03:41:00] DB Copy: wp_term_taxonomy as wpstg0_term_taxonomy from 0 to 10000 records
[INFO]-[2019/08/22 03:41:00] DB Copy: Creating table wpstg0_term_taxonomy
[INFO]-[2019/08/22 03:41:00] DB Copy: wp_term_taxonomy as wpstg0_term_taxonomy from 0 to 10000 records
[INFO]-[2019/08/22 03:41:00] DB Copy: Creating table wpstg0_termmeta
[INFO]-[2019/08/22 03:41:00] DB Copy: Creating table wpstg0_termmeta
[INFO]-[2019/08/22 03:41:00] DB Copy: Creating table wpstg0_terms
[INFO]-[2019/08/22 03:41:00] DB Copy: wp_terms as wpstg0_terms from 0 to 10000 records
[INFO]-[2019/08/22 03:41:00] DB Copy: Creating table wpstg0_terms
[INFO]-[2019/08/22 03:41:00] DB Copy: wp_terms as wpstg0_terms from 0 to 10000 records
[INFO]-[2019/08/22 03:41:00] DB Copy: Creating table wpstg0_usermeta
[INFO]-[2019/08/22 03:41:00] DB Copy: wp_usermeta as wpstg0_usermeta from 0 to 10000 records
[INFO]-[2019/08/22 03:41:00] DB Copy: Creating table wpstg0_usermeta
[INFO]-[2019/08/22 03:41:00] DB Copy: wp_usermeta as wpstg0_usermeta from 0 to 10000 records
[INFO]-[2019/08/22 03:41:01] DB Copy: Creating table wpstg0_users
[INFO]-[2019/08/22 03:41:01] DB Copy: wp_users as wpstg0_users from 0 to 10000 records
[INFO]-[2019/08/22 03:41:01] DB Copy: Creating table wpstg0_users
[INFO]-[2019/08/22 03:41:01] DB Copy: wp_users as wpstg0_users from 0 to 10000 records
[INFO]-[2019/08/22 03:41:01] DB Copy: Creating table wpstg0_yoast_seo_links
[INFO]-[2019/08/22 03:41:01] DB Copy: Creating table wpstg0_yoast_seo_links
[INFO]-[2019/08/22 03:41:01] DB Copy: Creating table wpstg0_yoast_seo_meta
[INFO]-[2019/08/22 03:41:01] DB Copy: wp_yoast_seo_meta as wpstg0_yoast_seo_meta from 0 to 10000 records
[INFO]-[2019/08/22 03:41:01] DB Copy: Creating table wpstg0_yoast_seo_meta
[INFO]-[2019/08/22 03:41:01] DB Copy: wp_yoast_seo_meta as wpstg0_yoast_seo_meta from 0 to 10000 records
[]-[] 
[]-[] 
[INFO]-[2019/08/22 03:41:02] DB Processing:  Table wpstg0_commentmeta 0 to 5000 records
[INFO]-[2019/08/22 03:41:02] DB Processing:  Table wpstg0_commentmeta 0 to 5000 records
[INFO]-[2019/08/22 03:41:02] DB Processing:  Table wpstg0_comments 0 to 5000 records
[INFO]-[2019/08/22 03:41:02] DB Processing:  Table wpstg0_comments 0 to 5000 records
[INFO]-[2019/08/22 03:41:02] DB Processing:  Table wpstg0_duplicator_packages 0 to 5000 records
[INFO]-[2019/08/22 03:41:02] DB Processing:  Table wpstg0_duplicator_packages 0 to 5000 records
[]-[] 
[]-[] 
[]-[] 
[]-[] 
[]-[] 
[]-[] 
[INFO]-[2019/08/22 03:41:03] DB Processing:  Table wpstg0_maxbuttonsv3 0 to 5000 records
[INFO]-[2019/08/22 03:41:03] DB Processing:  Table wpstg0_maxbuttonsv3 0 to 5000 records
[INFO]-[2019/08/22 03:41:03] DB Processing:  Table wpstg0_options 0 to 5000 records
[INFO]-[2019/08/22 03:41:03] DB Processing:  Table wpstg0_options 0 to 5000 records
[INFO]-[2019/08/22 03:41:04] DB Processing:  Table wpstg0_postmeta 0 to 5000 records
[INFO]-[2019/08/22 03:41:04] DB Processing:  Table wpstg0_postmeta 0 to 5000 records
[INFO]-[2019/08/22 03:41:05] DB Processing:  Table wpstg0_posts 0 to 5000 records
[INFO]-[2019/08/22 03:41:05] DB Processing:  Table wpstg0_posts 0 to 5000 records
[INFO]-[2019/08/22 03:41:05] DB Processing:  Table wpstg0_term_relationships 0 to 5000 records
[INFO]-[2019/08/22 03:41:05] DB Processing:  Table wpstg0_term_relationships 0 to 5000 records
[INFO]-[2019/08/22 03:41:05] DB Processing:  Table wpstg0_term_taxonomy 0 to 5000 records
[INFO]-[2019/08/22 03:41:05] DB Processing:  Table wpstg0_term_taxonomy 0 to 5000 records
[]-[] 
[]-[] 
[INFO]-[2019/08/22 03:41:06] DB Processing:  Table wpstg0_terms 0 to 5000 records
[INFO]-[2019/08/22 03:41:06] DB Processing:  Table wpstg0_terms 0 to 5000 records
[INFO]-[2019/08/22 03:41:06] DB Processing:  Table wpstg0_usermeta 0 to 5000 records
[INFO]-[2019/08/22 03:41:06] DB Processing:  Table wpstg0_usermeta 0 to 5000 records
[INFO]-[2019/08/22 03:41:06] DB Processing:  Table wpstg0_users 0 to 5000 records
[INFO]-[2019/08/22 03:41:06] DB Processing:  Table wpstg0_users 0 to 5000 records
[]-[] 
[]-[] 
[INFO]-[2019/08/22 03:41:07] DB Processing:  Table wpstg0_yoast_seo_meta 0 to 5000 records
[INFO]-[2019/08/22 03:41:07] DB Processing:  Table wpstg0_yoast_seo_meta 0 to 5000 records
[]-[] 
[]-[] 
[INFO]-[2019/08/22 03:41:07] Scanning / for files
[INFO]-[2019/08/22 03:41:07] Scanning / for files
[INFO]-[2019/08/22 03:41:08] Scanning wp-content folder /Users/amandatome/hackeryou/wordpress/projects/cco/wp-content
[INFO]-[2019/08/22 03:41:08] Scanning wp-content folder /Users/amandatome/hackeryou/wordpress/projects/cco/wp-content
[INFO]-[2019/08/22 03:41:08] Scanning /wp-includes for its sub-directories and files
[INFO]-[2019/08/22 03:41:08] Scanning /wp-includes for its sub-directories and files
[INFO]-[2019/08/22 03:41:08] Scanning /wp-admin for its sub-directories and files
[INFO]-[2019/08/22 03:41:08] Scanning /wp-admin for its sub-directories and files
[INFO]-[2019/08/22 03:41:09] Copying files...
[INFO]-[2019/08/22 03:41:09] Skipping big file: /Users/amandatome/hackeryou/wordpress/projects/cco/20190821_counterpointcommunityorchestr_092e4018ba1b24266158_20190821041311_archive.zip
[INFO]-[2019/08/22 03:41:09] Total 50 files processed
[INFO]-[2019/08/22 03:41:09] Copying files...
[INFO]-[2019/08/22 03:41:09] Skipping big file: /Users/amandatome/hackeryou/wordpress/projects/cco/20190821_counterpointcommunityorchestr_092e4018ba1b24266158_20190821041311_archive.zip
[INFO]-[2019/08/22 03:41:09] Total 50 files processed
[INFO]-[2019/08/22 03:41:09] Total 100 files processed
[INFO]-[2019/08/22 03:41:09] Total 100 files processed
[INFO]-[2019/08/22 03:41:10] Total 150 files processed
[INFO]-[2019/08/22 03:41:10] Total 150 files processed
[INFO]-[2019/08/22 03:41:10] Trying to copy big file: /Users/amandatome/hackeryou/wordpress/projects/cco/wp-content/plugins/themeisle-companion/obfx_modules/gutenberg-blocks/assets/fontawesome/metadata/icons.json -> /Users/amandatome/hackeryou/wordpress/projects/cco/cco/wp-content/plugins/themeisle-companion/obfx_modules/gutenberg-blocks/assets/fontawesome/metadata/icons.json
[INFO]-[2019/08/22 03:41:10] Total 200 files processed
[INFO]-[2019/08/22 03:41:10] Trying to copy big file: /Users/amandatome/hackeryou/wordpress/projects/cco/wp-content/plugins/themeisle-companion/obfx_modules/gutenberg-blocks/assets/fontawesome/metadata/icons.json -> /Users/amandatome/hackeryou/wordpress/projects/cco/cco/wp-content/plugins/themeisle-companion/obfx_modules/gutenberg-blocks/assets/fontawesome/metadata/icons.json
[INFO]-[2019/08/22 03:41:10] Total 200 files processed
[INFO]-[2019/08/22 03:41:10] Total 250 files processed
[INFO]-[2019/08/22 03:41:10] Total 250 files processed
[INFO]-[2019/08/22 03:41:11] Trying to copy big file: /Users/amandatome/hackeryou/wordpress/projects/cco/wp-content/plugins/themeisle-companion/vendor/codeinwp/gutenberg-blocks/build/blocks.js -> /Users/amandatome/hackeryou/wordpress/projects/cco/cco/wp-content/plugins/themeisle-companion/vendor/codeinwp/gutenberg-blocks/build/blocks.js
[INFO]-[2019/08/22 03:41:11] Total 300 files processed
[INFO]-[2019/08/22 03:41:11] Trying to copy big file: /Users/amandatome/hackeryou/wordpress/projects/cco/wp-content/plugins/themeisle-companion/vendor/codeinwp/gutenberg-blocks/build/blocks.js -> /Users/amandatome/hackeryou/wordpress/projects/cco/cco/wp-content/plugins/themeisle-companion/vendor/codeinwp/gutenberg-blocks/build/blocks.js
[INFO]-[2019/08/22 03:41:11] Total 300 files processed
[INFO]-[2019/08/22 03:41:11] Total 350 files processed
[INFO]-[2019/08/22 03:41:11] Total 350 files processed
[INFO]-[2019/08/22 03:41:11] Trying to copy big file: /Users/amandatome/hackeryou/wordpress/projects/cco/wp-content/plugins/themeisle-companion/vendor/codeinwp/gutenberg-blocks/src/components/icon-picker-control/icons.json -> /Users/amandatome/hackeryou/wordpress/projects/cco/cco/wp-content/plugins/themeisle-companion/vendor/codeinwp/gutenberg-blocks/src/components/icon-picker-control/icons.json
[INFO]-[2019/08/22 03:41:11] Total 400 files processed
[INFO]-[2019/08/22 03:41:11] Trying to copy big file: /Users/amandatome/hackeryou/wordpress/projects/cco/wp-content/plugins/themeisle-companion/vendor/codeinwp/gutenberg-blocks/src/components/icon-picker-control/icons.json -> /Users/amandatome/hackeryou/wordpress/projects/cco/cco/wp-content/plugins/themeisle-companion/vendor/codeinwp/gutenberg-blocks/src/components/icon-picker-control/icons.json
[INFO]-[2019/08/22 03:41:11] Total 400 files processed
[INFO]-[2019/08/22 03:41:12] Total 450 files processed
[INFO]-[2019/08/22 03:41:12] Total 450 files processed
[INFO]-[2019/08/22 03:41:12] Total 500 files processed
[INFO]-[2019/08/22 03:41:12] Total 500 files processed
[INFO]-[2019/08/22 03:41:12] Total 550 files processed
[INFO]-[2019/08/22 03:41:12] Total 550 files processed
[INFO]-[2019/08/22 03:41:12] Total 600 files processed
[INFO]-[2019/08/22 03:41:12] Total 600 files processed
[INFO]-[2019/08/22 03:41:13] Total 650 files processed
[INFO]-[2019/08/22 03:41:13] Total 650 files processed
[INFO]-[2019/08/22 03:41:13] Total 700 files processed
[INFO]-[2019/08/22 03:41:13] Total 700 files processed
[INFO]-[2019/08/22 03:41:13] Total 750 files processed
[INFO]-[2019/08/22 03:41:13] Total 750 files processed
[INFO]-[2019/08/22 03:41:14] Total 800 files processed
[INFO]-[2019/08/22 03:41:14] Total 800 files processed
[INFO]-[2019/08/22 03:41:14] Total 850 files processed
[INFO]-[2019/08/22 03:41:14] Total 850 files processed
[INFO]-[2019/08/22 03:41:14] Total 900 files processed
[INFO]-[2019/08/22 03:41:14] Total 900 files processed
[INFO]-[2019/08/22 03:41:15] Total 950 files processed
[INFO]-[2019/08/22 03:41:15] Total 950 files processed
[INFO]-[2019/08/22 03:41:15] Total 1000 files processed
[INFO]-[2019/08/22 03:41:15] Total 1000 files processed
[INFO]-[2019/08/22 03:41:15] Total 1050 files processed
[INFO]-[2019/08/22 03:41:15] Total 1050 files processed
[INFO]-[2019/08/22 03:41:15] Total 1100 files processed
[INFO]-[2019/08/22 03:41:15] Total 1100 files processed
[INFO]-[2019/08/22 03:41:16] Total 1150 files processed
[INFO]-[2019/08/22 03:41:16] Total 1150 files processed
[INFO]-[2019/08/22 03:41:16] Total 1200 files processed
[INFO]-[2019/08/22 03:41:16] Total 1200 files processed
[INFO]-[2019/08/22 03:41:16] Total 1250 files processed
[INFO]-[2019/08/22 03:41:16] Total 1250 files processed
[INFO]-[2019/08/22 03:41:17] Total 1300 files processed
[INFO]-[2019/08/22 03:41:17] Total 1300 files processed
[INFO]-[2019/08/22 03:41:17] Total 1350 files processed
[INFO]-[2019/08/22 03:41:17] Total 1350 files processed
[INFO]-[2019/08/22 03:41:17] Total 1400 files processed
[INFO]-[2019/08/22 03:41:17] Total 1400 files processed
[INFO]-[2019/08/22 03:41:17] Total 1450 files processed
[INFO]-[2019/08/22 03:41:17] Total 1450 files processed
[INFO]-[2019/08/22 03:41:18] Total 1500 files processed
[INFO]-[2019/08/22 03:41:18] Total 1500 files processed
[INFO]-[2019/08/22 03:41:18] Total 1550 files processed
[INFO]-[2019/08/22 03:41:18] Total 1550 files processed
[INFO]-[2019/08/22 03:41:18] Total 1600 files processed
[INFO]-[2019/08/22 03:41:18] Total 1600 files processed
[INFO]-[2019/08/22 03:41:18] Total 1650 files processed
[INFO]-[2019/08/22 03:41:18] Total 1650 files processed
[INFO]-[2019/08/22 03:41:19] Total 1700 files processed
[INFO]-[2019/08/22 03:41:19] Total 1700 files processed
[INFO]-[2019/08/22 03:41:19] Total 1750 files processed
[INFO]-[2019/08/22 03:41:19] Total 1750 files processed
[INFO]-[2019/08/22 03:41:19] Total 1800 files processed
[INFO]-[2019/08/22 03:41:19] Total 1800 files processed
[INFO]-[2019/08/22 03:41:20] Total 1850 files processed
[INFO]-[2019/08/22 03:41:20] Total 1850 files processed
[INFO]-[2019/08/22 03:41:20] Total 1900 files processed
[INFO]-[2019/08/22 03:41:20] Total 1900 files processed
[INFO]-[2019/08/22 03:41:20] Total 1950 files processed
[INFO]-[2019/08/22 03:41:20] Total 1950 files processed
[INFO]-[2019/08/22 03:41:20] Total 2000 files processed
[INFO]-[2019/08/22 03:41:20] Total 2000 files processed
[INFO]-[2019/08/22 03:41:21] Total 2050 files processed
[INFO]-[2019/08/22 03:41:21] Total 2050 files processed
[INFO]-[2019/08/22 03:41:21] Total 2100 files processed
[INFO]-[2019/08/22 03:41:21] Total 2100 files processed
[INFO]-[2019/08/22 03:41:21] Total 2150 files processed
[INFO]-[2019/08/22 03:41:21] Total 2150 files processed
[INFO]-[2019/08/22 03:41:22] Total 2200 files processed
[INFO]-[2019/08/22 03:41:22] Total 2200 files processed
[INFO]-[2019/08/22 03:41:22] Total 2250 files processed
[INFO]-[2019/08/22 03:41:22] Total 2250 files processed
[INFO]-[2019/08/22 03:41:22] Total 2300 files processed
[INFO]-[2019/08/22 03:41:22] Total 2300 files processed
[INFO]-[2019/08/22 03:41:23] Total 2350 files processed
[INFO]-[2019/08/22 03:41:23] Total 2350 files processed
[INFO]-[2019/08/22 03:41:23] Total 2400 files processed
[INFO]-[2019/08/22 03:41:23] Total 2400 files processed
[INFO]-[2019/08/22 03:41:23] Total 2450 files processed
[INFO]-[2019/08/22 03:41:23] Total 2450 files processed
[INFO]-[2019/08/22 03:41:23] Total 2500 files processed
[INFO]-[2019/08/22 03:41:23] Total 2500 files processed
[INFO]-[2019/08/22 03:41:24] Total 2550 files processed
[INFO]-[2019/08/22 03:41:24] Total 2550 files processed
[INFO]-[2019/08/22 03:41:24] Total 2600 files processed
[INFO]-[2019/08/22 03:41:24] Total 2600 files processed
[INFO]-[2019/08/22 03:41:24] Total 2650 files processed
[INFO]-[2019/08/22 03:41:24] Total 2650 files processed
[INFO]-[2019/08/22 03:41:25] Total 2700 files processed
[INFO]-[2019/08/22 03:41:25] Total 2700 files processed
[INFO]-[2019/08/22 03:41:25] Total 2750 files processed
[INFO]-[2019/08/22 03:41:25] Total 2750 files processed
[INFO]-[2019/08/22 03:41:25] Total 2800 files processed
[INFO]-[2019/08/22 03:41:25] Total 2800 files processed
[INFO]-[2019/08/22 03:41:26] Total 2850 files processed
[INFO]-[2019/08/22 03:41:26] Total 2850 files processed
[INFO]-[2019/08/22 03:41:26] Total 2900 files processed
[INFO]-[2019/08/22 03:41:26] Total 2900 files processed
[INFO]-[2019/08/22 03:41:26] Total 2950 files processed
[INFO]-[2019/08/22 03:41:26] Total 2950 files processed
[INFO]-[2019/08/22 03:41:26] Total 3000 files processed
[INFO]-[2019/08/22 03:41:26] Total 3000 files processed
[INFO]-[2019/08/22 03:41:27] Total 3050 files processed
[INFO]-[2019/08/22 03:41:27] Total 3050 files processed
[INFO]-[2019/08/22 03:41:27] Total 3100 files processed
[INFO]-[2019/08/22 03:41:27] Total 3100 files processed
[INFO]-[2019/08/22 03:41:27] Total 3150 files processed
[INFO]-[2019/08/22 03:41:27] Total 3150 files processed
[INFO]-[2019/08/22 03:41:28] Total 3200 files processed
[INFO]-[2019/08/22 03:41:28] Total 3200 files processed
[INFO]-[2019/08/22 03:41:28] Total 3250 files processed
[INFO]-[2019/08/22 03:41:28] Total 3250 files processed
[INFO]-[2019/08/22 03:41:28] Total 3300 files processed
[INFO]-[2019/08/22 03:41:28] Total 3300 files processed
[INFO]-[2019/08/22 03:41:28] Total 3350 files processed
[INFO]-[2019/08/22 03:41:28] Total 3350 files processed
[INFO]-[2019/08/22 03:41:29] Total 3400 files processed
[INFO]-[2019/08/22 03:41:29] Total 3400 files processed
[INFO]-[2019/08/22 03:41:29] Total 3450 files processed
[INFO]-[2019/08/22 03:41:29] Total 3450 files processed
[INFO]-[2019/08/22 03:41:29] Total 3500 files processed
[INFO]-[2019/08/22 03:41:29] Total 3500 files processed
[INFO]-[2019/08/22 03:41:30] Total 3550 files processed
[INFO]-[2019/08/22 03:41:30] Total 3550 files processed
[INFO]-[2019/08/22 03:41:30] Total 3600 files processed
[INFO]-[2019/08/22 03:41:30] Total 3600 files processed
[INFO]-[2019/08/22 03:41:30] Total 3650 files processed
[INFO]-[2019/08/22 03:41:30] Total 3650 files processed
[INFO]-[2019/08/22 03:41:30] Total 3700 files processed
[INFO]-[2019/08/22 03:41:30] Total 3700 files processed
[INFO]-[2019/08/22 03:41:31] Total 3750 files processed
[INFO]-[2019/08/22 03:41:31] Total 3750 files processed
[INFO]-[2019/08/22 03:41:31] Total 3800 files processed
[INFO]-[2019/08/22 03:41:31] Total 3800 files processed
[INFO]-[2019/08/22 03:41:31] Total 3850 files processed
[INFO]-[2019/08/22 03:41:31] Total 3850 files processed
[INFO]-[2019/08/22 03:41:32] Trying to copy big file: /Users/amandatome/hackeryou/wordpress/projects/cco/wp-content/plugins/wordpress-seo/js/dist/analysis-1190.min.js -> /Users/amandatome/hackeryou/wordpress/projects/cco/cco/wp-content/plugins/wordpress-seo/js/dist/analysis-1190.min.js
[INFO]-[2019/08/22 03:41:32] Total 3900 files processed
[INFO]-[2019/08/22 03:41:32] Trying to copy big file: /Users/amandatome/hackeryou/wordpress/projects/cco/wp-content/plugins/wordpress-seo/js/dist/analysis-1190.min.js -> /Users/amandatome/hackeryou/wordpress/projects/cco/cco/wp-content/plugins/wordpress-seo/js/dist/analysis-1190.min.js
[INFO]-[2019/08/22 03:41:32] Total 3900 files processed
[INFO]-[2019/08/22 03:41:32] Total 3950 files processed
[INFO]-[2019/08/22 03:41:32] Total 3950 files processed
[INFO]-[2019/08/22 03:41:32] Total 4000 files processed
[INFO]-[2019/08/22 03:41:32] Total 4000 files processed
[INFO]-[2019/08/22 03:41:32] Total 4050 files processed
[INFO]-[2019/08/22 03:41:32] Total 4050 files processed
[INFO]-[2019/08/22 03:41:33] Total 4100 files processed
[INFO]-[2019/08/22 03:41:33] Total 4100 files processed
[INFO]-[2019/08/22 03:41:33] Total 4150 files processed
[INFO]-[2019/08/22 03:41:33] Total 4150 files processed
[INFO]-[2019/08/22 03:41:33] Total 4200 files processed
[INFO]-[2019/08/22 03:41:33] Total 4200 files processed
[INFO]-[2019/08/22 03:41:34] Total 4250 files processed
[INFO]-[2019/08/22 03:41:34] Total 4250 files processed
[INFO]-[2019/08/22 03:41:34] Total 4300 files processed
[INFO]-[2019/08/22 03:41:34] Total 4300 files processed
[INFO]-[2019/08/22 03:41:34] Total 4350 files processed
[INFO]-[2019/08/22 03:41:34] Total 4350 files processed
[INFO]-[2019/08/22 03:41:34] Total 4400 files processed
[INFO]-[2019/08/22 03:41:34] Total 4400 files processed
[INFO]-[2019/08/22 03:41:35] Total 4450 files processed
[INFO]-[2019/08/22 03:41:35] Total 4450 files processed
[INFO]-[2019/08/22 03:41:35] Total 4500 files processed
[INFO]-[2019/08/22 03:41:35] Total 4500 files processed
[INFO]-[2019/08/22 03:41:35] Total 4550 files processed
[INFO]-[2019/08/22 03:41:35] Total 4550 files processed
[INFO]-[2019/08/22 03:41:36] Total 4600 files processed
[INFO]-[2019/08/22 03:41:36] Total 4600 files processed
[INFO]-[2019/08/22 03:41:36] Total 4650 files processed
[INFO]-[2019/08/22 03:41:36] Total 4650 files processed
[INFO]-[2019/08/22 03:41:36] Total 4700 files processed
[INFO]-[2019/08/22 03:41:36] Total 4700 files processed
[INFO]-[2019/08/22 03:41:37] Total 4750 files processed
[INFO]-[2019/08/22 03:41:37] Total 4750 files processed
[INFO]-[2019/08/22 03:41:37] Total 4800 files processed
[INFO]-[2019/08/22 03:41:37] Total 4800 files processed
[INFO]-[2019/08/22 03:41:37] Total 4850 files processed
[INFO]-[2019/08/22 03:41:37] Total 4850 files processed
[INFO]-[2019/08/22 03:41:37] Total 4900 files processed
[INFO]-[2019/08/22 03:41:37] Total 4900 files processed
[INFO]-[2019/08/22 03:41:38] Total 4950 files processed
[INFO]-[2019/08/22 03:41:38] Total 4950 files processed
[INFO]-[2019/08/22 03:41:38] Total 5000 files processed
[INFO]-[2019/08/22 03:41:38] Total 5000 files processed
[INFO]-[2019/08/22 03:41:38] Total 5050 files processed
[INFO]-[2019/08/22 03:41:38] Total 5050 files processed
[INFO]-[2019/08/22 03:41:39] Total 5100 files processed
[INFO]-[2019/08/22 03:41:39] Total 5100 files processed
[INFO]-[2019/08/22 03:41:39] Trying to copy big file: /Users/amandatome/hackeryou/wordpress/projects/cco/wp-content/updraft/backup_2019-08-21-2334_Counterpoint_Community_Orchestra_12e52ae23054-uploads.zip -> /Users/amandatome/hackeryou/wordpress/projects/cco/cco/wp-content/updraft/backup_2019-08-21-2334_Counterpoint_Community_Orchestra_12e52ae23054-uploads.zip
[INFO]-[2019/08/22 03:41:39] Skipping big file: /Users/amandatome/hackeryou/wordpress/projects/cco/wp-content/updraft/backup_2019-08-21-2334_Counterpoint_Community_Orchestra_12e52ae23054-plugins.zip
[INFO]-[2019/08/22 03:41:39] Skipping big file: /Users/amandatome/hackeryou/wordpress/projects/cco/wp-content/updraft/backup_2019-08-21-2334_Counterpoint_Community_Orchestra_12e52ae23054-themes.zip
[INFO]-[2019/08/22 03:41:39] Total 5150 files processed
[INFO]-[2019/08/22 03:41:39] Trying to copy big file: /Users/amandatome/hackeryou/wordpress/projects/cco/wp-content/updraft/backup_2019-08-21-2334_Counterpoint_Community_Orchestra_12e52ae23054-uploads.zip -> /Users/amandatome/hackeryou/wordpress/projects/cco/cco/wp-content/updraft/backup_2019-08-21-2334_Counterpoint_Community_Orchestra_12e52ae23054-uploads.zip
[INFO]-[2019/08/22 03:41:39] Skipping big file: /Users/amandatome/hackeryou/wordpress/projects/cco/wp-content/updraft/backup_2019-08-21-2334_Counterpoint_Community_Orchestra_12e52ae23054-plugins.zip
[INFO]-[2019/08/22 03:41:39] Skipping big file: /Users/amandatome/hackeryou/wordpress/projects/cco/wp-content/updraft/backup_2019-08-21-2334_Counterpoint_Community_Orchestra_12e52ae23054-themes.zip
[INFO]-[2019/08/22 03:41:39] Total 5150 files processed
[INFO]-[2019/08/22 03:41:39] Total 5200 files processed
[INFO]-[2019/08/22 03:41:39] Total 5200 files processed
[INFO]-[2019/08/22 03:41:40] Total 5250 files processed
[INFO]-[2019/08/22 03:41:40] Total 5250 files processed
[INFO]-[2019/08/22 03:41:40] Total 5300 files processed
[INFO]-[2019/08/22 03:41:40] Total 5300 files processed
[INFO]-[2019/08/22 03:41:40] Total 5350 files processed
[INFO]-[2019/08/22 03:41:40] Total 5350 files processed
[INFO]-[2019/08/22 03:41:41] Total 5400 files processed
[INFO]-[2019/08/22 03:41:41] Total 5400 files processed
[INFO]-[2019/08/22 03:41:42] Total 5450 files processed
[INFO]-[2019/08/22 03:41:42] Total 5450 files processed
[INFO]-[2019/08/22 03:41:43] Total 5500 files processed
[INFO]-[2019/08/22 03:41:43] Total 5500 files processed
[INFO]-[2019/08/22 03:41:44] Total 5550 files processed
[INFO]-[2019/08/22 03:41:44] Total 5550 files processed
[INFO]-[2019/08/22 03:41:45] Total 5600 files processed
[INFO]-[2019/08/22 03:41:45] Total 5600 files processed
[INFO]-[2019/08/22 03:41:47] Total 5650 files processed
[INFO]-[2019/08/22 03:41:47] Total 5650 files processed
[INFO]-[2019/08/22 03:41:48] Total 5700 files processed
[INFO]-[2019/08/22 03:41:48] Total 5700 files processed
[INFO]-[2019/08/22 03:41:48] Total 5750 files processed
[INFO]-[2019/08/22 03:41:48] Total 5750 files processed
[INFO]-[2019/08/22 03:41:49] Total 5800 files processed
[INFO]-[2019/08/22 03:41:49] Total 5800 files processed
[INFO]-[2019/08/22 03:41:50] Total 5850 files processed
[INFO]-[2019/08/22 03:41:50] Total 5850 files processed
[INFO]-[2019/08/22 03:41:51] Total 5900 files processed
[INFO]-[2019/08/22 03:41:51] Total 5900 files processed
[INFO]-[2019/08/22 03:41:52] Total 5950 files processed
[INFO]-[2019/08/22 03:41:52] Total 5950 files processed
[INFO]-[2019/08/22 03:41:53] Total 6000 files processed
[INFO]-[2019/08/22 03:41:53] Total 6000 files processed
[INFO]-[2019/08/22 03:41:54] Total 6050 files processed
[INFO]-[2019/08/22 03:41:54] Total 6050 files processed
[INFO]-[2019/08/22 03:41:55] Total 6100 files processed
[INFO]-[2019/08/22 03:41:55] Total 6100 files processed
[INFO]-[2019/08/22 03:41:56] Total 6150 files processed
[INFO]-[2019/08/22 03:41:56] Total 6150 files processed
[INFO]-[2019/08/22 03:41:57] Total 6200 files processed
[INFO]-[2019/08/22 03:41:57] Total 6200 files processed
[INFO]-[2019/08/22 03:41:58] Total 6250 files processed
[INFO]-[2019/08/22 03:41:58] Total 6250 files processed
[INFO]-[2019/08/22 03:41:59] Total 6300 files processed
[INFO]-[2019/08/22 03:41:59] Total 6300 files processed
[INFO]-[2019/08/22 03:42:00] Total 6350 files processed
[INFO]-[2019/08/22 03:42:00] Total 6350 files processed
[INFO]-[2019/08/22 03:42:01] Total 6400 files processed
[INFO]-[2019/08/22 03:42:01] Total 6400 files processed
[INFO]-[2019/08/22 03:42:02] Total 6450 files processed
[INFO]-[2019/08/22 03:42:02] Total 6450 files processed
[INFO]-[2019/08/22 03:42:03] Total 6500 files processed
[INFO]-[2019/08/22 03:42:03] Total 6500 files processed
[INFO]-[2019/08/22 03:42:04] Total 6550 files processed
[INFO]-[2019/08/22 03:42:04] Total 6550 files processed
[INFO]-[2019/08/22 03:42:05] Total 6600 files processed
[INFO]-[2019/08/22 03:42:05] Total 6600 files processed
[INFO]-[2019/08/22 03:42:06] Total 6650 files processed
[INFO]-[2019/08/22 03:42:06] Total 6650 files processed
[INFO]-[2019/08/22 03:42:06] Total 6700 files processed
[INFO]-[2019/08/22 03:42:06] Total 6700 files processed
[INFO]-[2019/08/22 03:42:06] Total 6750 files processed
[INFO]-[2019/08/22 03:42:06] Total 6750 files processed
[INFO]-[2019/08/22 03:42:07] Total 6800 files processed
[INFO]-[2019/08/22 03:42:07] Total 6800 files processed
[INFO]-[2019/08/22 03:42:07] Total 6850 files processed
[INFO]-[2019/08/22 03:42:07] Total 6850 files processed
[INFO]-[2019/08/22 03:42:07] Total 6900 files processed
[INFO]-[2019/08/22 03:42:07] Total 6900 files processed
[INFO]-[2019/08/22 03:42:08] Total 6950 files processed
[INFO]-[2019/08/22 03:42:08] Total 6950 files processed
[INFO]-[2019/08/22 03:42:08] Total 7000 files processed
[INFO]-[2019/08/22 03:42:08] Total 7000 files processed
[INFO]-[2019/08/22 03:42:08] Total 7050 files processed
[INFO]-[2019/08/22 03:42:08] Total 7050 files processed
[INFO]-[2019/08/22 03:42:08] Total 7100 files processed
[INFO]-[2019/08/22 03:42:08] Total 7100 files processed
[INFO]-[2019/08/22 03:42:09] Total 7150 files processed
[INFO]-[2019/08/22 03:42:09] Total 7150 files processed
[INFO]-[2019/08/22 03:42:09] Total 7200 files processed
[INFO]-[2019/08/22 03:42:09] Total 7200 files processed
[INFO]-[2019/08/22 03:42:09] Total 7250 files processed
[INFO]-[2019/08/22 03:42:09] Total 7250 files processed
[INFO]-[2019/08/22 03:42:10] Total 7300 files processed
[INFO]-[2019/08/22 03:42:10] Total 7300 files processed
[INFO]-[2019/08/22 03:42:10] Total 7350 files processed
[INFO]-[2019/08/22 03:42:10] Total 7350 files processed
[INFO]-[2019/08/22 03:42:10] Total 7400 files processed
[INFO]-[2019/08/22 03:42:10] Total 7400 files processed
[INFO]-[2019/08/22 03:42:11] Total 7450 files processed
[INFO]-[2019/08/22 03:42:11] Total 7450 files processed
[WARNING]-[2019/08/22 03:42:11] File doesn't exist /Users/amandatome/hackeryou/wordpress/projects/cco/
[WARNING]-[2019/08/22 03:42:11] File doesn't exist /Users/amandatome/hackeryou/wordpress/projects/cco/
[INFO]-[2019/08/22 03:42:11] Copying files finished
[INFO]-[2019/08/22 03:42:11] Copying files finished
[INFO]-[2019/08/22 03:42:11] Preparing Data Step0: Copy wp-config.php file
[INFO]-[2019/08/22 03:42:11] Preparing Data Step0: Copy wp-config.php file
[INFO]-[2019/08/22 03:42:12] Preparing Data Step1: Updating siteurl and homeurl in wpstg0_options 
[INFO]-[2019/08/22 03:42:12] Preparing Data Step1: Updating siteurl and homeurl to http://localhost:8888/cco/cco
[WARNING]-[2019/08/22 03:42:12] Preparing Data Step1: Skip updating siteurl and homeurl in wpstg0_options. Probably already did! 
[INFO]-[2019/08/22 03:42:12] Preparing Data Step1: Updating siteurl and homeurl in wpstg0_options 
[INFO]-[2019/08/22 03:42:12] Preparing Data Step1: Updating siteurl and homeurl to http://localhost:8888/cco/cco
[WARNING]-[2019/08/22 03:42:12] Preparing Data Step1: Skip updating siteurl and homeurl in wpstg0_options. Probably already did! 
[INFO]-[2019/08/22 03:42:12] Preparing Data Step2: Updating row wpstg_is_staging_site in wpstg0_options 
[INFO]-[2019/08/22 03:42:12] Preparing Data Step2: Successful
[INFO]-[2019/08/22 03:42:12] Preparing Data Step2: Updating row wpstg_is_staging_site in wpstg0_options 
[INFO]-[2019/08/22 03:42:12] Preparing Data Step2: Successful
[INFO]-[2019/08/22 03:42:12] Preparing Data Step3: Updating rewrite_rules in wpstg0_options 
[INFO]-[2019/08/22 03:42:12] Preparing Data Step3: Updating rewrite_rules in wpstg0_options 
[INFO]-[2019/08/22 03:42:12] Preparing Data Step4: Updating db prefix in wpstg0_usermeta. 
[INFO]-[2019/08/22 03:42:12] Preparing Data Step4: Updating db prefix in wpstg0_usermeta. 
[INFO]-[2019/08/22 03:42:13] Preparing Data Step5: Updating table_prefix in /Users/amandatome/hackeryou/wordpress/projects/cco/cco/wp-config.php to wpstg0_
[INFO]-[2019/08/22 03:42:13] Preparing Data Step5: Updating table_prefix in /Users/amandatome/hackeryou/wordpress/projects/cco/cco/wp-config.php to wpstg0_
[]-[] 
[]-[] 
[INFO]-[2019/08/22 03:42:13] Preparing Data Step7: Updating wpstg_rmpermalinks_executed in wpstg0_options 
[INFO]-[2019/08/22 03:42:13] Preparing Data Step7: Finished successfully
[INFO]-[2019/08/22 03:42:13] Preparing Data Step7: Updating wpstg_rmpermalinks_executed in wpstg0_options 
[INFO]-[2019/08/22 03:42:13] Preparing Data Step7: Finished successfully
[INFO]-[2019/08/22 03:42:13] Preparing Data Step8: Updating permalink_structure in wpstg0_options 
[INFO]-[2019/08/22 03:42:13] Preparing Data Step8: Finished successfully
[INFO]-[2019/08/22 03:42:13] Preparing Data Step8: Updating permalink_structure in wpstg0_options 
[INFO]-[2019/08/22 03:42:13] Preparing Data Step8: Finished successfully
[INFO]-[2019/08/22 03:42:14] Preparing Data Step9: Set staging site to noindex
[INFO]-[2019/08/22 03:42:14] Preparing Data Step9: Finished successfully
[INFO]-[2019/08/22 03:42:14] Preparing Data Step9: Set staging site to noindex
[INFO]-[2019/08/22 03:42:14] Preparing Data Step9: Finished successfully
[INFO]-[2019/08/22 03:42:14] Preparing Data Step10: Updating WP_HOME in wp-config.php to http://localhost:8888/cco/cco
[INFO]-[2019/08/22 03:42:14] Preparing Data Step10: WP_HOME not defined in wp-config.php. Skipping this step.
[INFO]-[2019/08/22 03:42:14] Preparing Data Step10: Finished successfully
[INFO]-[2019/08/22 03:42:14] Preparing Data Step10: Updating WP_HOME in wp-config.php to http://localhost:8888/cco/cco
[INFO]-[2019/08/22 03:42:14] Preparing Data Step10: WP_HOME not defined in wp-config.php. Skipping this step.
[INFO]-[2019/08/22 03:42:14] Preparing Data Step10: Finished successfully
[INFO]-[2019/08/22 03:42:14] Preparing Data Step11: Updating WP_SITEURL in wp-config.php to http://localhost:8888/cco/cco
[INFO]-[2019/08/22 03:42:14] Preparing Data Step11: WP_SITEURL not defined in wp-config.php. Skipping this step.
[INFO]-[2019/08/22 03:42:14] Preparing Data Step11: Finished successfully
[INFO]-[2019/08/22 03:42:14] Preparing Data Step11: Updating WP_SITEURL in wp-config.php to http://localhost:8888/cco/cco
[INFO]-[2019/08/22 03:42:14] Preparing Data Step11: WP_SITEURL not defined in wp-config.php. Skipping this step.
[INFO]-[2019/08/22 03:42:14] Preparing Data Step11: Finished successfully
[INFO]-[2019/08/22 03:42:14] Preparing Data Step12: Updating db prefix in wpstg0_options.
[INFO]-[2019/08/22 03:42:14] Preparing Data Step12: Finished successfully
[INFO]-[2019/08/22 03:42:14] Preparing Data Step12: Updating db prefix in wpstg0_options.
[INFO]-[2019/08/22 03:42:14] Preparing Data Step12: Finished successfully
[INFO]-[2019/08/22 03:42:15] Preparing Data Step13: Updating upload_path wpstg0_options.
[INFO]-[2019/08/22 03:42:15] Preparing Data Step13: Skipped
[INFO]-[2019/08/22 03:42:15] Preparing Data Step13: Updating upload_path wpstg0_options.
[INFO]-[2019/08/22 03:42:15] Preparing Data Step13: Skipped
[INFO]-[2019/08/22 03:42:15] Preparing Data Step14: Set WP_CACHE in wp-config.php to false
[INFO]-[2019/08/22 03:42:15] Preparing Data Step14: WP_CACHE not defined in wp-config.php. Skipping this step.
[INFO]-[2019/08/22 03:42:15] Preparing Data Step14: Finished successfully
[INFO]-[2019/08/22 03:42:15] Preparing Data Step14: Set WP_CACHE in wp-config.php to false
[INFO]-[2019/08/22 03:42:15] Preparing Data Step14: WP_CACHE not defined in wp-config.php. Skipping this step.
[INFO]-[2019/08/22 03:42:15] Preparing Data Step14: Finished successfully
[INFO]-[2019/08/22 03:42:15] Preparing Data Step15: Set WP_CONTENT_DIR in wp-config.php to false
[INFO]-[2019/08/22 03:42:15] Preparing Data Step15: WP_CONTENT_DIR not defined in wp-config.php. Skipping this step.
[INFO]-[2019/08/22 03:42:15] Preparing Data Step15: Finished successfully
[INFO]-[2019/08/22 03:42:15] Preparing Data Step15: Set WP_CONTENT_DIR in wp-config.php to false
[INFO]-[2019/08/22 03:42:15] Preparing Data Step15: WP_CONTENT_DIR not defined in wp-config.php. Skipping this step.
[INFO]-[2019/08/22 03:42:15] Preparing Data Step15: Finished successfully
[INFO]-[2019/08/22 03:42:15] Preparing Data Step16: Set WP_CONTENT_URL in wp-config.php to false
[INFO]-[2019/08/22 03:42:15] Preparing Data Step16: WP_CONTENT_URL not defined in wp-config.php. Skipping this step.
[INFO]-[2019/08/22 03:42:15] Preparing Data Step16: Finished successfully
[INFO]-[2019/08/22 03:42:15] Preparing Data Step16: Set WP_CONTENT_URL in wp-config.php to false
[INFO]-[2019/08/22 03:42:15] Preparing Data Step16: WP_CONTENT_URL not defined in wp-config.php. Skipping this step.
[INFO]-[2019/08/22 03:42:15] Preparing Data Step16: Finished successfully
[INFO]-[2019/08/22 03:42:16] Preparing Data Step17: Update UPLOADS constant in wp-config.php
[INFO]-[2019/08/22 03:42:16] Preparing Data Step17: UPLOADS not defined in wp-config.php. Creating new entry.
[INFO]-[2019/08/22 03:42:16] Preparing Data Step17: Finished successfully
[INFO]-[2019/08/22 03:42:16] Preparing Data Step17: Update UPLOADS constant in wp-config.php
[INFO]-[2019/08/22 03:42:16] Preparing Data Step17: UPLOADS not defined in wp-config.php. Creating new entry.
[INFO]-[2019/08/22 03:42:16] Preparing Data Step17: Finished successfully
[]-[] 
[]-[] 
[INFO]-[2019/08/22 03:42:16] Finish: Deleting clone job's cache files...
[INFO]-[2019/08/22 03:42:16] Finish: Clone job's cache files have been deleted!
[INFO]-[2019/08/22 03:42:16] Finish: Verifying existing clones...
[INFO]-[2019/08/22 03:42:16] Finish: The job finished!
[INFO]-[2019/08/22 03:42:16] Finish: Deleting clone job's cache files...
[INFO]-[2019/08/22 03:42:16] Finish: Clone job's cache files have been deleted!
[INFO]-[2019/08/22 03:42:16] Finish: Verifying existing clones...
[INFO]-[2019/08/22 03:42:16] Finish: The job finished!
